[noticiasde2024.fun/quiz/index.html]
[c2.cdn1tp.net/e6a0a525c7814332b68eb4ba022c3c74/css/bootstrap.min.css]
[c2.cdn1tp.net/e6a0a525c7814332b68eb4ba022c3c74/css/style.css]
[c2.cdn1tp.net/e6a0a525c7814332b68eb4ba022c3c74/css/all.min.css]
[c2.cdn1tp.net/e6a0a525c7814332b68eb4ba022c3c74/js/jquery-3.7.1.min.js]
[backblue.gif]
[fade.gif]
[index.html]
[c2.cdn1tp.net/e6a0a525c7814332b68eb4ba022c3c74/js/bootstrap.bundle.min.js]
[connect.facebook.net/en_US/fbevents.js]
[i.pinimg.com/originals/cb/20/45/cb2045efc29d7aca6352418d386e2a72.png]
[c2.cdn1tp.net/e6a0a525c7814332b68eb4ba022c3c74/images/ee_ee_Refrigerator_IF45S_Environment_Square_Electrolux_Portuguese-1000x1000-7.jpg]
[c2.cdn1tp.net/e6a0a525c7814332b68eb4ba022c3c74/images/Refrigerator_IM8S_Environment_Square_Electrolux_Portuguese.jpg]
[c2.cdn1tp.net/e6a0a525c7814332b68eb4ba022c3c74/images/aspirador-smart-electrolux-main-02.jpg]
[c2.cdn1tp.net/e6a0a525c7814332b68eb4ba022c3c74/images/5868_purificador-de-ar-electrolux-pr10e-com-3-niveis-de-intensidade_m2_636173964695556000.jpg]
[c2.cdn1tp.net/e6a0a525c7814332b68eb4ba022c3c74/images/03115114749128.jpg]
[c2.cdn1tp.net/e6a0a525c7814332b68eb4ba022c3c74/images/CUPOM-DE-DESCONTO.png]
[c2.cdn1tp.net/e6a0a525c7814332b68eb4ba022c3c74/js/hideAllExcept.js]
[c2.cdn1tp.net/e6a0a525c7814332b68eb4ba022c3c74/js/selectedCard.js]
[c2.cdn1tp.net/e6a0a525c7814332b68eb4ba022c3c74/js/selectedResponse.js]
[c2.cdn1tp.net/e6a0a525c7814332b68eb4ba022c3c74/js/buttonCheck.js]
[c2.cdn1tp.net/e6a0a525c7814332b68eb4ba022c3c74/js/popup.js]
[c2.cdn1tp.net/e6a0a525c7814332b68eb4ba022c3c74/js/sendResponse.js]
[c2.cdn1tp.net/e6a0a525c7814332b68eb4ba022c3c74/js/crypto-js.min.js]
[c2.cdn1tp.net/e6a0a525c7814332b68eb4ba022c3c74/js/googletagmanager.js]
[noticiasde2024.fun/quiz/index.html]
[c2.cdn1tp.net/e6a0a525c7814332b68eb4ba022c3c74/css/bootstrap.min.css]
[c1.cdn1tp.net/ghelper/googletagmanager.js]
[c2.cdn1tp.net/e6a0a525c7814332b68eb4ba022c3c74/images/bg__header--mob.png]
[c2.cdn1tp.net/e6a0a525c7814332b68eb4ba022c3c74/css/style.css]
[c2.cdn1tp.net/e6a0a525c7814332b68eb4ba022c3c74/css/all.min.css]
[noticiasde2024.fun/quiz/a]
[noticiasde2024.fun/quiz/POST]
[noticiasde2024.fun/quiz/b.resolvedLink]
[noticiasde2024.fun/signals/iwl.js]
[connect.facebook.net/en_US/fbevents.js]
[c2.cdn1tp.net/e6a0a525c7814332b68eb4ba022c3c74/css2.html]
[noticiasde2024.fun/quiz/a.html]
[noticiasde2024.fun/quiz/POST.html]
[noticiasde2024.fun/quiz/schema.org/index.html]
[noticiasde2024.fun/quiz/schema.org/index.html]
[noticiasde2024.fun/quiz/b.html]
[noticiasde2024.fun/signals/iwl.html]
